<?xml version="1.0" encoding="UTF-8"?>
<testng-results ignored="0" total="1" passed="1" failed="0" skipped="0">
  <reporter-output>
  </reporter-output>
  <suite started-at="2024-12-16T23:25:26 IST" name="Default suite" finished-at="2024-12-16T23:26:00 IST" duration-ms="33874">
    <groups>
    </groups>
    <test started-at="2024-12-16T23:25:26 IST" name="Default test" finished-at="2024-12-16T23:26:00 IST" duration-ms="33874">
      <class name="tests.LoginTest">
        <test-method is-config="true" signature="setUp()[pri:0, instance:tests.LoginTest@28f3b248]" started-at="2024-12-16T23:25:26 IST" name="setUp" finished-at="2024-12-16T23:25:45 IST" duration-ms="18550" status="PASS">
          <reporter-output>
          </reporter-output>
        </test-method> <!-- setUp -->
        <test-method signature="login()[pri:0, instance:tests.LoginTest@28f3b248]" started-at="2024-12-16T23:25:45 IST" name="login" finished-at="2024-12-16T23:26:00 IST" duration-ms="15275" status="PASS">
          <reporter-output>
          </reporter-output>
        </test-method> <!-- login -->
        <test-method is-config="true" signature="tearDown()[pri:0, instance:tests.LoginTest@28f3b248]" started-at="2024-12-16T23:26:00 IST" name="tearDown" finished-at="2024-12-16T23:26:00 IST" duration-ms="2" status="PASS">
          <reporter-output>
          </reporter-output>
        </test-method> <!-- tearDown -->
      </class> <!-- tests.LoginTest -->
    </test> <!-- Default test -->
  </suite> <!-- Default suite -->
</testng-results>
